#
# There is insufficient memory for the Java Runtime Environment to continue.
# Native memory allocation (malloc) failed to allocate 2800704 bytes. Error detail: Chunk::new
# Possible reasons:
#   The system is out of physical RAM or swap space
#   This process is running with CompressedOops enabled, and the Java Heap may be blocking the growth of the native heap
# Possible solutions:
#   Reduce memory load on the system
#   Increase physical memory or swap space
#   Check if swap backing store is full
#   Decrease Java heap size (-Xmx/-Xms)
#   Decrease number of Java threads
#   Decrease Java thread stack sizes (-Xss)
#   Set larger code cache with -XX:ReservedCodeCacheSize=
#   JVM is running with Unscaled Compressed Oops mode in which the Java heap is
#     placed in the first 4GB address space. The Java Heap base address is the
#     maximum limit for the native heap growth. Please use -XX:HeapBaseMinAddress
#     to set the Java Heap base and to place the Java Heap above 4GB virtual address.
# This output file may be truncated or incomplete.
#
#  Out of Memory Error (arena.cpp:191), pid=28748, tid=35084
#
# JRE version: OpenJDK Runtime Environment Temurin-17.0.11+9 (17.0.11+9) (build 17.0.11+9)
# Java VM: OpenJDK 64-Bit Server VM Temurin-17.0.11+9 (17.0.11+9, mixed mode, tiered, compressed oops, compressed class ptrs, parallel gc, windows-amd64)
# No core dump will be written. Minidumps are not enabled by default on client versions of Windows
#

---------------  S U M M A R Y ------------

Command Line: --add-modules=ALL-SYSTEM --add-opens=java.base/java.util=ALL-UNNAMED --add-opens=java.base/java.lang=ALL-UNNAMED --add-opens=java.base/sun.nio.fs=ALL-UNNAMED -Declipse.application=org.eclipse.jdt.ls.core.id1 -Dosgi.bundles.defaultStartLevel=4 -Declipse.product=org.eclipse.jdt.ls.core.product -Djava.import.generatesMetadataFilesAtProjectRoot=false -DDetectVMInstallationsJob.disabled=true -Dfile.encoding=utf8 -XX:+UseParallelGC -XX:GCTimeRatio=4 -XX:AdaptiveSizePolicyWeight=90 -Dsun.zip.disableMemoryMapping=true -Xmx1G -Xms100m -Xlog:disable -javaagent:c:\Users\Sansk\.vscode\extensions\redhat.java-1.31.0-win32-x64\lombok\lombok-1.18.32.jar c:\Users\Sansk\.vscode\extensions\redhat.java-1.31.0-win32-x64\server\plugins\org.eclipse.equinox.launcher_1.6.800.v20240513-1750.jar -configuration c:\Users\Sansk\AppData\Roaming\Code\User\globalStorage\redhat.java\1.31.0\config_ss_win -data c:\Users\Sansk\AppData\Roaming\Code\User\workspaceStorage\625e857b674dde89922af67afff714d8\redhat.java\ss_ws --pipe=\\.\pipe\lsp-edf0ac3929c2eec234f67086dbdbc813-sock

Host: AMD Ryzen 5 5500U with Radeon Graphics         , 12 cores, 5G,  Windows 11 , 64 bit Build 22621 (10.0.22621.3672)
Time: Fri May 31 12:44:14 2024 India Standard Time elapsed time: 85.054228 seconds (0d 0h 1m 25s)

---------------  T H R E A D  ---------------

Current thread (0x0000019ed06030d0):  JavaThread "C2 CompilerThread0" daemon [_thread_in_native, id=35084, stack(0x0000008e21000000,0x0000008e21100000)]


Current CompileTask:
C2:  85054 3268       4       org.lombokweb.asm.ClassReader::readMethod (1066 bytes)

Stack: [0x0000008e21000000,0x0000008e21100000]
Native frames: (J=compiled Java code, j=interpreted, Vv=VM code, C=native code)
V  [jvm.dll+0x67d429]
V  [jvm.dll+0x834b7a]
V  [jvm.dll+0x83663e]
V  [jvm.dll+0x836ca3]
V  [jvm.dll+0x247dbf]
V  [jvm.dll+0xac534]
V  [jvm.dll+0xacb7c]
V  [jvm.dll+0x366647]
V  [jvm.dll+0x1bd272]
V  [jvm.dll+0x21a5c9]
V  [jvm.dll+0x2198b1]
V  [jvm.dll+0x1a534d]
V  [jvm.dll+0x2295cd]
V  [jvm.dll+0x22779c]
V  [jvm.dll+0x7e9d07]
V  [jvm.dll+0x7e410a]
V  [jvm.dll+0x67c315]
C  [ucrtbase.dll+0x29333]
C  [KERNEL32.DLL+0x1257d]
C  [ntdll.dll+0x5aa48]


---------------  P R O C E S S  ---------------

Threads class SMR info:
_java_thread_list=0x0000019ed21bdd70, length=20, elements={
0x0000019eb75c81c0, 0x0000019ed05d3870, 0x0000019eb75b48c0, 0x0000019ed05f8ca0,
0x0000019ed05f9930, 0x0000019ed05fae60, 0x0000019ed05fd840, 0x0000019ed06030d0,
0x0000019ed0604230, 0x0000019ed0638a30, 0x0000019eb762ceb0, 0x0000019ed09310f0,
0x0000019ed1d939f0, 0x0000019ed1d95340, 0x0000019ed1d94e30, 0x0000019ed1d92fd0,
0x0000019ed21538d0, 0x0000019ed2157080, 0x0000019ed2156150, 0x0000019ed2157aa0
}

Java Threads: ( => current thread )
  0x0000019eb75c81c0 JavaThread "main" [_thread_blocked, id=28468, stack(0x0000008e20700000,0x0000008e20800000)]
  0x0000019ed05d3870 JavaThread "Reference Handler" daemon [_thread_blocked, id=32244, stack(0x0000008e20a00000,0x0000008e20b00000)]
  0x0000019eb75b48c0 JavaThread "Finalizer" daemon [_thread_blocked, id=23420, stack(0x0000008e20b00000,0x0000008e20c00000)]
  0x0000019ed05f8ca0 JavaThread "Signal Dispatcher" daemon [_thread_blocked, id=31096, stack(0x0000008e20c00000,0x0000008e20d00000)]
  0x0000019ed05f9930 JavaThread "Attach Listener" daemon [_thread_blocked, id=13964, stack(0x0000008e20d00000,0x0000008e20e00000)]
  0x0000019ed05fae60 JavaThread "Service Thread" daemon [_thread_blocked, id=13256, stack(0x0000008e20e00000,0x0000008e20f00000)]
  0x0000019ed05fd840 JavaThread "Monitor Deflation Thread" daemon [_thread_blocked, id=28212, stack(0x0000008e20f00000,0x0000008e21000000)]
=>0x0000019ed06030d0 JavaThread "C2 CompilerThread0" daemon [_thread_in_native, id=35084, stack(0x0000008e21000000,0x0000008e21100000)]
  0x0000019ed0604230 JavaThread "C1 CompilerThread0" daemon [_thread_blocked, id=32852, stack(0x0000008e21100000,0x0000008e21200000)]
  0x0000019ed0638a30 JavaThread "Sweeper thread" daemon [_thread_blocked, id=15880, stack(0x0000008e21200000,0x0000008e21300000)]
  0x0000019eb762ceb0 JavaThread "Common-Cleaner" daemon [_thread_blocked, id=28452, stack(0x0000008e21300000,0x0000008e21400000)]
  0x0000019ed09310f0 JavaThread "Notification Thread" daemon [_thread_blocked, id=11916, stack(0x0000008e21400000,0x0000008e21500000)]
  0x0000019ed1d939f0 JavaThread "Active Thread: Equinox Container: e9d0942c-b5c8-4d00-8842-eb519b9b8a35" [_thread_blocked, id=28996, stack(0x0000008e22200000,0x0000008e22300000)]
  0x0000019ed1d95340 JavaThread "Framework Event Dispatcher: Equinox Container: e9d0942c-b5c8-4d00-8842-eb519b9b8a35" daemon [_thread_blocked, id=25792, stack(0x0000008e21c00000,0x0000008e21d00000)]
  0x0000019ed1d94e30 JavaThread "Start Level: Equinox Container: e9d0942c-b5c8-4d00-8842-eb519b9b8a35" daemon [_thread_in_native, id=20076, stack(0x0000008e21d00000,0x0000008e21e00000)]
  0x0000019ed1d92fd0 JavaThread "Refresh Thread: Equinox Container: e9d0942c-b5c8-4d00-8842-eb519b9b8a35" daemon [_thread_blocked, id=35252, stack(0x0000008e22100000,0x0000008e22200000)]
  0x0000019ed21538d0 JavaThread "SCR Component Actor" daemon [_thread_blocked, id=18304, stack(0x0000008e22d00000,0x0000008e22e00000)]
  0x0000019ed2157080 JavaThread "Worker-JM" [_thread_blocked, id=34176, stack(0x0000008e22f00000,0x0000008e23000000)]
  0x0000019ed2156150 JavaThread "Worker-0" [_thread_blocked, id=30860, stack(0x0000008e20400000,0x0000008e20500000)]
  0x0000019ed2157aa0 JavaThread "Worker-1" [_thread_blocked, id=8804, stack(0x0000008e22300000,0x0000008e22400000)]

Other Threads:
  0x0000019ed05d4870 VMThread "VM Thread" [stack: 0x0000008e20900000,0x0000008e20a00000] [id=21240]
  0x0000019ed093a9c0 WatcherThread [stack: 0x0000008e21500000,0x0000008e21600000] [id=35780]
  0x0000019eb75e0530 GCTaskThread "GC Thread#0" [stack: 0x0000008e20800000,0x0000008e20900000] [id=14036]
  0x0000019ed1cc7030 GCTaskThread "GC Thread#1" [stack: 0x0000008e21600000,0x0000008e21700000] [id=34192]
  0x0000019ed1fbb360 GCTaskThread "GC Thread#2" [stack: 0x0000008e21700000,0x0000008e21800000] [id=32564]
  0x0000019ed1fbb620 GCTaskThread "GC Thread#3" [stack: 0x0000008e21800000,0x0000008e21900000] [id=25960]
  0x0000019ed1fbb8e0 GCTaskThread "GC Thread#4" [stack: 0x0000008e21900000,0x0000008e21a00000] [id=25768]
  0x0000019ed1fbbba0 GCTaskThread "GC Thread#5" [stack: 0x0000008e21a00000,0x0000008e21b00000] [id=34072]
  0x0000019ed1fbbe60 GCTaskThread "GC Thread#6" [stack: 0x0000008e21b00000,0x0000008e21c00000] [id=14104]
  0x0000019ed0748cc0 GCTaskThread "GC Thread#7" [stack: 0x0000008e21e00000,0x0000008e21f00000] [id=33912]
  0x0000019ed0883750 GCTaskThread "GC Thread#8" [stack: 0x0000008e21f00000,0x0000008e22000000] [id=34508]
  0x0000019ed2069430 GCTaskThread "GC Thread#9" [stack: 0x0000008e22000000,0x0000008e22100000] [id=36464]

Threads with active compile tasks:
C2 CompilerThread0    85250 3268       4       org.lombokweb.asm.ClassReader::readMethod (1066 bytes)

VM state: not at safepoint (normal execution)

VM Mutex/Monitor currently owned by a thread: None

Heap address: 0x00000000c0000000, size: 1024 MB, Compressed Oops mode: 32-bit

CDS archive(s) not mapped
Compressed class space mapped at: 0x0000000100000000-0x0000000140000000, reserved size: 1073741824
Narrow klass base: 0x0000000000000000, Narrow klass shift: 3, Narrow klass range: 0x140000000

GC Precious Log:
 CPUs: 12 total, 12 available
 Memory: 6005M
 Large Page Support: Disabled
 NUMA Support: Disabled
 Compressed Oops: Enabled (32-bit)
 Alignments: Space 512K, Generation 512K, Heap 2M
 Heap Min Capacity: 100M
 Heap Initial Capacity: 100M
 Heap Max Capacity: 1G
 Pre-touch: Disabled
 Parallel Workers: 10

Heap:
 PSYoungGen      total 26112K, used 3302K [0x00000000eab00000, 0x00000000eca80000, 0x0000000100000000)
  eden space 24064K, 5% used [0x00000000eab00000,0x00000000eac3ad78,0x00000000ec280000)
  from space 2048K, 99% used [0x00000000ec780000,0x00000000ec97eda0,0x00000000ec980000)
  to   space 4096K, 0% used [0x00000000ec280000,0x00000000ec280000,0x00000000ec680000)
 ParOldGen       total 68608K, used 10200K [0x00000000c0000000, 0x00000000c4300000, 0x00000000eab00000)
  object space 68608K, 14% used [0x00000000c0000000,0x00000000c09f63b0,0x00000000c4300000)
 Metaspace       used 30556K, committed 30976K, reserved 1114112K
  class space    used 2903K, committed 3072K, reserved 1048576K

Card table byte_map: [0x0000019eb6f50000,0x0000019eb7160000] _byte_map_base: 0x0000019eb6950000

Marking Bits: (ParMarkBitMap*) 0x00007ffa1bb1d820
 Begin Bits: [0x0000019ec9250000, 0x0000019eca250000)
 End Bits:   [0x0000019eca250000, 0x0000019ecb250000)

Polling page: 0x0000019eb5590000

Metaspace:

Usage:
  Non-class:     27.00 MB used.
      Class:      2.84 MB used.
       Both:     29.84 MB used.

Virtual space:
  Non-class space:       64.00 MB reserved,      27.25 MB ( 43%) committed,  1 nodes.
      Class space:        1.00 GB reserved,       3.00 MB ( <1%) committed,  1 nodes.
             Both:        1.06 GB reserved,      30.25 MB (  3%) committed. 

Chunk freelists:
   Non-Class:  4.70 MB
       Class:  13.00 MB
        Both:  17.70 MB

MaxMetaspaceSize: unlimited
CompressedClassSpaceSize: 1.00 GB
Initial GC threshold: 21.00 MB
Current GC threshold: 35.00 MB
CDS: off
MetaspaceReclaimPolicy: balanced
 - commit_granule_bytes: 65536.
 - commit_granule_words: 8192.
 - virtual_space_node_default_size: 8388608.
 - enlarge_chunks_in_place: 1.
 - new_chunks_are_fully_committed: 0.
 - uncommit_free_chunks: 1.
 - use_allocation_guard: 0.
 - handle_deallocations: 1.


Internal statistics:

num_allocs_failed_limit: 3.
num_arena_births: 296.
num_arena_deaths: 14.
num_vsnodes_births: 2.
num_vsnodes_deaths: 0.
num_space_committed: 484.
num_space_uncommitted: 0.
num_chunks_returned_to_freelist: 17.
num_chunks_taken_from_freelist: 1123.
num_chunk_merges: 7.
num_chunk_splits: 752.
num_chunks_enlarged: 527.
num_inconsistent_stats: 0.

CodeHeap 'non-profiled nmethods': size=120000Kb used=1300Kb max_used=1300Kb free=118699Kb
 bounds [0x0000019ec1d20000, 0x0000019ec1f90000, 0x0000019ec9250000]
CodeHeap 'profiled nmethods': size=120000Kb used=7364Kb max_used=7364Kb free=112635Kb
 bounds [0x0000019eba250000, 0x0000019eba990000, 0x0000019ec1780000]
CodeHeap 'non-nmethods': size=5760Kb used=1242Kb max_used=1276Kb free=4517Kb
 bounds [0x0000019ec1780000, 0x0000019ec19f0000, 0x0000019ec1d20000]
 total_blobs=3941 nmethods=3385 adapters=470
 compilation: enabled
              stopped_count=0, restarted_count=0
 full_count=0

Compilation events (20 events):
Event: 84.474 Thread 0x0000019ed0604230 3361       3       sun.util.locale.LanguageTag::isRegion (36 bytes)
Event: 84.477 Thread 0x0000019ed0604230 nmethod 3361 0x0000019eba97a790 code [0x0000019eba97aa60, 0x0000019eba97bbd8]
Event: 84.477 Thread 0x0000019ed0604230 3385       3       java.util.stream.AbstractPipeline::wrapAndCopyInto (18 bytes)
Event: 84.478 Thread 0x0000019ed0604230 nmethod 3385 0x0000019eba97c190 code [0x0000019eba97c360, 0x0000019eba97c748]
Event: 84.478 Thread 0x0000019ed0604230 3386       3       java.util.stream.AbstractPipeline::copyInto (54 bytes)
Event: 84.479 Thread 0x0000019ed0604230 nmethod 3386 0x0000019eba97c890 code [0x0000019eba97cac0, 0x0000019eba97d1b8]
Event: 84.493 Thread 0x0000019ed0604230 3387       2       java.lang.StringBuilder::append (6 bytes)
Event: 84.494 Thread 0x0000019ed0604230 nmethod 3387 0x0000019eba97d410 code [0x0000019eba97d5a0, 0x0000019eba97d6c8]
Event: 84.507 Thread 0x0000019ed0604230 3388       3       java.util.TreeMap::leftOf (13 bytes)
Event: 84.507 Thread 0x0000019ed0604230 nmethod 3388 0x0000019eba97d790 code [0x0000019eba97d920, 0x0000019eba97da98]
Event: 84.507 Thread 0x0000019ed0604230 3389       3       java.lang.Character::toUpperCase (6 bytes)
Event: 84.508 Thread 0x0000019ed0604230 nmethod 3389 0x0000019eba97db90 code [0x0000019eba97dd40, 0x0000019eba97df98]
Event: 84.508 Thread 0x0000019ed0604230 3390       3       java.lang.Character::toUpperCase (9 bytes)
Event: 84.508 Thread 0x0000019ed0604230 nmethod 3390 0x0000019eba97e090 code [0x0000019eba97e240, 0x0000019eba97e438]
Event: 84.508 Thread 0x0000019ed0604230 3392       3       java.lang.ProcessEnvironment$NameComparator::compare (90 bytes)
Event: 84.511 Thread 0x0000019ed0604230 nmethod 3392 0x0000019eba97e510 code [0x0000019eba97e820, 0x0000019eba97fa38]
Event: 84.511 Thread 0x0000019ed0604230 3391       3       java.lang.ProcessEnvironment$NameComparator::compare (13 bytes)
Event: 84.511 Thread 0x0000019ed0604230 nmethod 3391 0x0000019eba980310 code [0x0000019eba9804c0, 0x0000019eba9807c8]
Event: 84.783 Thread 0x0000019ed0604230 3393       3       java.lang.AbstractStringBuilder::append (77 bytes)
Event: 84.805 Thread 0x0000019ed0604230 nmethod 3393 0x0000019eba980890 code [0x0000019eba980aa0, 0x0000019eba981128]

GC Heap History (18 events):
Event: 8.848 GC heap before
{Heap before GC invocations=1 (full 0):
 PSYoungGen      total 29696K, used 25600K [0x00000000eab00000, 0x00000000ecc00000, 0x0000000100000000)
  eden space 25600K, 100% used [0x00000000eab00000,0x00000000ec400000,0x00000000ec400000)
  from space 4096K, 0% used [0x00000000ec800000,0x00000000ec800000,0x00000000ecc00000)
  to   space 4096K, 0% used [0x00000000ec400000,0x00000000ec400000,0x00000000ec800000)
 ParOldGen       total 68608K, used 0K [0x00000000c0000000, 0x00000000c4300000, 0x00000000eab00000)
  object space 68608K, 0% used [0x00000000c0000000,0x00000000c0000000,0x00000000c4300000)
 Metaspace       used 11132K, committed 11264K, reserved 1114112K
  class space    used 1111K, committed 1152K, reserved 1048576K
}
Event: 8.926 GC heap after
{Heap after GC invocations=1 (full 0):
 PSYoungGen      total 29696K, used 3140K [0x00000000eab00000, 0x00000000ecc00000, 0x0000000100000000)
  eden space 25600K, 0% used [0x00000000eab00000,0x00000000eab00000,0x00000000ec400000)
  from space 4096K, 76% used [0x00000000ec400000,0x00000000ec711278,0x00000000ec800000)
  to   space 4096K, 0% used [0x00000000ec800000,0x00000000ec800000,0x00000000ecc00000)
 ParOldGen       total 68608K, used 0K [0x00000000c0000000, 0x00000000c4300000, 0x00000000eab00000)
  object space 68608K, 0% used [0x00000000c0000000,0x00000000c0000000,0x00000000c4300000)
 Metaspace       used 11132K, committed 11264K, reserved 1114112K
  class space    used 1111K, committed 1152K, reserved 1048576K
}
Event: 51.719 GC heap before
{Heap before GC invocations=2 (full 0):
 PSYoungGen      total 29696K, used 28740K [0x00000000eab00000, 0x00000000ecc00000, 0x0000000100000000)
  eden space 25600K, 100% used [0x00000000eab00000,0x00000000ec400000,0x00000000ec400000)
  from space 4096K, 76% used [0x00000000ec400000,0x00000000ec711278,0x00000000ec800000)
  to   space 4096K, 0% used [0x00000000ec800000,0x00000000ec800000,0x00000000ecc00000)
 ParOldGen       total 68608K, used 0K [0x00000000c0000000, 0x00000000c4300000, 0x00000000eab00000)
  object space 68608K, 0% used [0x00000000c0000000,0x00000000c0000000,0x00000000c4300000)
 Metaspace       used 14802K, committed 14976K, reserved 1114112K
  class space    used 1471K, committed 1536K, reserved 1048576K
}
Event: 51.952 GC heap after
{Heap after GC invocations=2 (full 0):
 PSYoungGen      total 29696K, used 4080K [0x00000000eab00000, 0x00000000ecc00000, 0x0000000100000000)
  eden space 25600K, 0% used [0x00000000eab00000,0x00000000eab00000,0x00000000ec400000)
  from space 4096K, 99% used [0x00000000ec800000,0x00000000ecbfc108,0x00000000ecc00000)
  to   space 4096K, 0% used [0x00000000ec400000,0x00000000ec400000,0x00000000ec800000)
 ParOldGen       total 68608K, used 824K [0x00000000c0000000, 0x00000000c4300000, 0x00000000eab00000)
  object space 68608K, 1% used [0x00000000c0000000,0x00000000c00ce030,0x00000000c4300000)
 Metaspace       used 14802K, committed 14976K, reserved 1114112K
  class space    used 1471K, committed 1536K, reserved 1048576K
}
Event: 61.450 GC heap before
{Heap before GC invocations=3 (full 0):
 PSYoungGen      total 29696K, used 29680K [0x00000000eab00000, 0x00000000ecc00000, 0x0000000100000000)
  eden space 25600K, 100% used [0x00000000eab00000,0x00000000ec400000,0x00000000ec400000)
  from space 4096K, 99% used [0x00000000ec800000,0x00000000ecbfc108,0x00000000ecc00000)
  to   space 4096K, 0% used [0x00000000ec400000,0x00000000ec400000,0x00000000ec800000)
 ParOldGen       total 68608K, used 824K [0x00000000c0000000, 0x00000000c4300000, 0x00000000eab00000)
  object space 68608K, 1% used [0x00000000c0000000,0x00000000c00ce030,0x00000000c4300000)
 Metaspace       used 15881K, committed 16064K, reserved 1114112K
  class space    used 1571K, committed 1664K, reserved 1048576K
}
Event: 61.467 GC heap after
{Heap after GC invocations=3 (full 0):
 PSYoungGen      total 29696K, used 4084K [0x00000000eab00000, 0x00000000ecc00000, 0x0000000100000000)
  eden space 25600K, 0% used [0x00000000eab00000,0x00000000eab00000,0x00000000ec400000)
  from space 4096K, 99% used [0x00000000ec400000,0x00000000ec7fd340,0x00000000ec800000)
  to   space 4096K, 0% used [0x00000000ec800000,0x00000000ec800000,0x00000000ecc00000)
 ParOldGen       total 68608K, used 3469K [0x00000000c0000000, 0x00000000c4300000, 0x00000000eab00000)
  object space 68608K, 5% used [0x00000000c0000000,0x00000000c0363780,0x00000000c4300000)
 Metaspace       used 15881K, committed 16064K, reserved 1114112K
  class space    used 1571K, committed 1664K, reserved 1048576K
}
Event: 66.287 GC heap before
{Heap before GC invocations=4 (full 0):
 PSYoungGen      total 29696K, used 29684K [0x00000000eab00000, 0x00000000ecc00000, 0x0000000100000000)
  eden space 25600K, 100% used [0x00000000eab00000,0x00000000ec400000,0x00000000ec400000)
  from space 4096K, 99% used [0x00000000ec400000,0x00000000ec7fd340,0x00000000ec800000)
  to   space 4096K, 0% used [0x00000000ec800000,0x00000000ec800000,0x00000000ecc00000)
 ParOldGen       total 68608K, used 3469K [0x00000000c0000000, 0x00000000c4300000, 0x00000000eab00000)
  object space 68608K, 5% used [0x00000000c0000000,0x00000000c0363780,0x00000000c4300000)
 Metaspace       used 20703K, committed 21056K, reserved 1114112K
  class space    used 2067K, committed 2240K, reserved 1048576K
}
Event: 66.298 GC heap after
{Heap after GC invocations=4 (full 0):
 PSYoungGen      total 29696K, used 4071K [0x00000000eab00000, 0x00000000ecc00000, 0x0000000100000000)
  eden space 25600K, 0% used [0x00000000eab00000,0x00000000eab00000,0x00000000ec400000)
  from space 4096K, 99% used [0x00000000ec800000,0x00000000ecbf9db0,0x00000000ecc00000)
  to   space 4096K, 0% used [0x00000000ec400000,0x00000000ec400000,0x00000000ec800000)
 ParOldGen       total 68608K, used 4631K [0x00000000c0000000, 0x00000000c4300000, 0x00000000eab00000)
  object space 68608K, 6% used [0x00000000c0000000,0x00000000c0485e30,0x00000000c4300000)
 Metaspace       used 20703K, committed 21056K, reserved 1114112K
  class space    used 2067K, committed 2240K, reserved 1048576K
}
Event: 66.752 GC heap before
{Heap before GC invocations=5 (full 0):
 PSYoungGen      total 29696K, used 7798K [0x00000000eab00000, 0x00000000ecc00000, 0x0000000100000000)
  eden space 25600K, 14% used [0x00000000eab00000,0x00000000eaea3d30,0x00000000ec400000)
  from space 4096K, 99% used [0x00000000ec800000,0x00000000ecbf9db0,0x00000000ecc00000)
  to   space 4096K, 0% used [0x00000000ec400000,0x00000000ec400000,0x00000000ec800000)
 ParOldGen       total 68608K, used 4631K [0x00000000c0000000, 0x00000000c4300000, 0x00000000eab00000)
  object space 68608K, 6% used [0x00000000c0000000,0x00000000c0485e30,0x00000000c4300000)
 Metaspace       used 21165K, committed 21504K, reserved 1114112K
  class space    used 2116K, committed 2240K, reserved 1048576K
}
Event: 66.873 GC heap after
{Heap after GC invocations=5 (full 0):
 PSYoungGen      total 29696K, used 4074K [0x00000000eab00000, 0x00000000ece00000, 0x0000000100000000)
  eden space 25600K, 0% used [0x00000000eab00000,0x00000000eab00000,0x00000000ec400000)
  from space 4096K, 99% used [0x00000000ec400000,0x00000000ec7fa948,0x00000000ec800000)
  to   space 5120K, 0% used [0x00000000ec900000,0x00000000ec900000,0x00000000ece00000)
 ParOldGen       total 68608K, used 5042K [0x00000000c0000000, 0x00000000c4300000, 0x00000000eab00000)
  object space 68608K, 7% used [0x00000000c0000000,0x00000000c04ec9c8,0x00000000c4300000)
 Metaspace       used 21165K, committed 21504K, reserved 1114112K
  class space    used 2116K, committed 2240K, reserved 1048576K
}
Event: 66.873 GC heap before
{Heap before GC invocations=6 (full 1):
 PSYoungGen      total 29696K, used 4074K [0x00000000eab00000, 0x00000000ece00000, 0x0000000100000000)
  eden space 25600K, 0% used [0x00000000eab00000,0x00000000eab00000,0x00000000ec400000)
  from space 4096K, 99% used [0x00000000ec400000,0x00000000ec7fa948,0x00000000ec800000)
  to   space 5120K, 0% used [0x00000000ec900000,0x00000000ec900000,0x00000000ece00000)
 ParOldGen       total 68608K, used 5042K [0x00000000c0000000, 0x00000000c4300000, 0x00000000eab00000)
  object space 68608K, 7% used [0x00000000c0000000,0x00000000c04ec9c8,0x00000000c4300000)
 Metaspace       used 21165K, committed 21504K, reserved 1114112K
  class space    used 2116K, committed 2240K, reserved 1048576K
}
Event: 67.089 GC heap after
{Heap after GC invocations=6 (full 1):
 PSYoungGen      total 29696K, used 0K [0x00000000eab00000, 0x00000000ece00000, 0x0000000100000000)
  eden space 25600K, 0% used [0x00000000eab00000,0x00000000eab00000,0x00000000ec400000)
  from space 4096K, 0% used [0x00000000ec400000,0x00000000ec400000,0x00000000ec800000)
  to   space 5120K, 0% used [0x00000000ec900000,0x00000000ec900000,0x00000000ece00000)
 ParOldGen       total 68608K, used 8900K [0x00000000c0000000, 0x00000000c4300000, 0x00000000eab00000)
  object space 68608K, 12% used [0x00000000c0000000,0x00000000c08b12a0,0x00000000c4300000)
 Metaspace       used 21152K, committed 21504K, reserved 1114112K
  class space    used 2113K, committed 2240K, reserved 1048576K
}
Event: 78.729 GC heap before
{Heap before GC invocations=7 (full 1):
 PSYoungGen      total 29696K, used 25599K [0x00000000eab00000, 0x00000000ece00000, 0x0000000100000000)
  eden space 25600K, 99% used [0x00000000eab00000,0x00000000ec3ffe08,0x00000000ec400000)
  from space 4096K, 0% used [0x00000000ec400000,0x00000000ec400000,0x00000000ec800000)
  to   space 5120K, 0% used [0x00000000ec900000,0x00000000ec900000,0x00000000ece00000)
 ParOldGen       total 68608K, used 8900K [0x00000000c0000000, 0x00000000c4300000, 0x00000000eab00000)
  object space 68608K, 12% used [0x00000000c0000000,0x00000000c08b12a0,0x00000000c4300000)
 Metaspace       used 24282K, committed 24768K, reserved 1114112K
  class space    used 2428K, committed 2624K, reserved 1048576K
}
Event: 78.746 GC heap after
{Heap after GC invocations=7 (full 1):
 PSYoungGen      total 28160K, used 2616K [0x00000000eab00000, 0x00000000ecc00000, 0x0000000100000000)
  eden space 25088K, 0% used [0x00000000eab00000,0x00000000eab00000,0x00000000ec380000)
  from space 3072K, 85% used [0x00000000ec900000,0x00000000ecb8e190,0x00000000ecc00000)
  to   space 3584K, 0% used [0x00000000ec500000,0x00000000ec500000,0x00000000ec880000)
 ParOldGen       total 68608K, used 8908K [0x00000000c0000000, 0x00000000c4300000, 0x00000000eab00000)
  object space 68608K, 12% used [0x00000000c0000000,0x00000000c08b32a0,0x00000000c4300000)
 Metaspace       used 24282K, committed 24768K, reserved 1114112K
  class space    used 2428K, committed 2624K, reserved 1048576K
}
Event: 82.471 GC heap before
{Heap before GC invocations=8 (full 1):
 PSYoungGen      total 28160K, used 27704K [0x00000000eab00000, 0x00000000ecc00000, 0x0000000100000000)
  eden space 25088K, 100% used [0x00000000eab00000,0x00000000ec380000,0x00000000ec380000)
  from space 3072K, 85% used [0x00000000ec900000,0x00000000ecb8e190,0x00000000ecc00000)
  to   space 3584K, 0% used [0x00000000ec500000,0x00000000ec500000,0x00000000ec880000)
 ParOldGen       total 68608K, used 8908K [0x00000000c0000000, 0x00000000c4300000, 0x00000000eab00000)
  object space 68608K, 12% used [0x00000000c0000000,0x00000000c08b32a0,0x00000000c4300000)
 Metaspace       used 28201K, committed 28672K, reserved 1114112K
  class space    used 2720K, committed 2880K, reserved 1048576K
}
Event: 82.485 GC heap after
{Heap after GC invocations=8 (full 1):
 PSYoungGen      total 26112K, used 1108K [0x00000000eab00000, 0x00000000ec980000, 0x0000000100000000)
  eden space 24576K, 0% used [0x00000000eab00000,0x00000000eab00000,0x00000000ec300000)
  from space 1536K, 72% used [0x00000000ec500000,0x00000000ec6152c0,0x00000000ec680000)
  to   space 2048K, 0% used [0x00000000ec780000,0x00000000ec780000,0x00000000ec980000)
 ParOldGen       total 68608K, used 8908K [0x00000000c0000000, 0x00000000c4300000, 0x00000000eab00000)
  object space 68608K, 12% used [0x00000000c0000000,0x00000000c08b32a0,0x00000000c4300000)
 Metaspace       used 28201K, committed 28672K, reserved 1114112K
  class space    used 2720K, committed 2880K, reserved 1048576K
}
Event: 84.529 GC heap before
{Heap before GC invocations=9 (full 1):
 PSYoungGen      total 26112K, used 25684K [0x00000000eab00000, 0x00000000ec980000, 0x0000000100000000)
  eden space 24576K, 100% used [0x00000000eab00000,0x00000000ec300000,0x00000000ec300000)
  from space 1536K, 72% used [0x00000000ec500000,0x00000000ec6152c0,0x00000000ec680000)
  to   space 2048K, 0% used [0x00000000ec780000,0x00000000ec780000,0x00000000ec980000)
 ParOldGen       total 68608K, used 8908K [0x00000000c0000000, 0x00000000c4300000, 0x00000000eab00000)
  object space 68608K, 12% used [0x00000000c0000000,0x00000000c08b32a0,0x00000000c4300000)
 Metaspace       used 30310K, committed 30784K, reserved 1114112K
  class space    used 2880K, committed 3072K, reserved 1048576K
}
Event: 84.537 GC heap after
{Heap after GC invocations=9 (full 1):
 PSYoungGen      total 26112K, used 2043K [0x00000000eab00000, 0x00000000eca80000, 0x0000000100000000)
  eden space 24064K, 0% used [0x00000000eab00000,0x00000000eab00000,0x00000000ec280000)
  from space 2048K, 99% used [0x00000000ec780000,0x00000000ec97eda0,0x00000000ec980000)
  to   space 4096K, 0% used [0x00000000ec280000,0x00000000ec280000,0x00000000ec680000)
 ParOldGen       total 68608K, used 10200K [0x00000000c0000000, 0x00000000c4300000, 0x00000000eab00000)
  object space 68608K, 14% used [0x00000000c0000000,0x00000000c09f63b0,0x00000000c4300000)
 Metaspace       used 30310K, committed 30784K, reserved 1114112K
  class space    used 2880K, committed 3072K, reserved 1048576K
}

Dll operation events (9 events):
Event: 0.330 Loaded shared library c:\Users\Sansk\.vscode\extensions\redhat.java-1.31.0-win32-x64\jre\17.0.11-win32-x86_64\bin\java.dll
Event: 1.470 Loaded shared library c:\Users\Sansk\.vscode\extensions\redhat.java-1.31.0-win32-x64\jre\17.0.11-win32-x86_64\bin\zip.dll
Event: 1.486 Loaded shared library C:\Users\Sansk\.vscode\extensions\redhat.java-1.31.0-win32-x64\jre\17.0.11-win32-x86_64\bin\instrument.dll
Event: 1.567 Loaded shared library C:\Users\Sansk\.vscode\extensions\redhat.java-1.31.0-win32-x64\jre\17.0.11-win32-x86_64\bin\net.dll
Event: 1.586 Loaded shared library C:\Users\Sansk\.vscode\extensions\redhat.java-1.31.0-win32-x64\jre\17.0.11-win32-x86_64\bin\nio.dll
Event: 1.632 Loaded shared library C:\Users\Sansk\.vscode\extensions\redhat.java-1.31.0-win32-x64\jre\17.0.11-win32-x86_64\bin\zip.dll
Event: 1.710 Loaded shared library C:\Users\Sansk\.vscode\extensions\redhat.java-1.31.0-win32-x64\jre\17.0.11-win32-x86_64\bin\jimage.dll
Event: 1.951 Loaded shared library c:\Users\Sansk\.vscode\extensions\redhat.java-1.31.0-win32-x64\jre\17.0.11-win32-x86_64\bin\verify.dll
Event: 59.181 Loaded shared library C:\Users\Sansk\AppData\Roaming\Code\User\globalStorage\redhat.java\1.31.0\config_ss_win\org.eclipse.equinox.launcher\org.eclipse.equinox.launcher.win32.win32.x86_64_1.2.1000.v20240507-1834\eclipse_11902.dll

Deoptimization events (20 events):
Event: 83.979 Thread 0x0000019ed1d94e30 Uncommon trap: trap_request=0xffffff45 fr.pc=0x0000019ec1dfb83c relative=0x000000000000051c
Event: 83.979 Thread 0x0000019ed1d94e30 Uncommon trap: reason=unstable_if action=reinterpret pc=0x0000019ec1dfb83c method=java.util.ArrayList.toArray([Ljava/lang/Object;)[Ljava/lang/Object; @ 45 c2
Event: 83.979 Thread 0x0000019ed1d94e30 DEOPT PACKING pc=0x0000019ec1dfb83c sp=0x0000008e21df9780
Event: 83.979 Thread 0x0000019ed1d94e30 DEOPT UNPACKING pc=0x0000019ec17d66a3 sp=0x0000008e21df9788 mode 2
Event: 84.389 Thread 0x0000019ed1d94e30 DEOPT PACKING pc=0x0000019eba7649ce sp=0x0000008e21dfd670
Event: 84.389 Thread 0x0000019ed1d94e30 DEOPT UNPACKING pc=0x0000019ec17d6e43 sp=0x0000008e21dfcb80 mode 0
Event: 84.445 Thread 0x0000019ed1d94e30 DEOPT PACKING pc=0x0000019eba7649ef sp=0x0000008e21dfd5f0
Event: 84.445 Thread 0x0000019ed1d94e30 DEOPT UNPACKING pc=0x0000019ec17d6e43 sp=0x0000008e21dfcb00 mode 0
Event: 84.487 Thread 0x0000019ed1d94e30 Uncommon trap: trap_request=0xffffff45 fr.pc=0x0000019ec1d3a274 relative=0x0000000000000354
Event: 84.487 Thread 0x0000019ed1d94e30 Uncommon trap: reason=unstable_if action=reinterpret pc=0x0000019ec1d3a274 method=java.lang.StringLatin1.canEncode(I)Z @ 4 c2
Event: 84.487 Thread 0x0000019ed1d94e30 DEOPT PACKING pc=0x0000019ec1d3a274 sp=0x0000008e21dfe140
Event: 84.487 Thread 0x0000019ed1d94e30 DEOPT UNPACKING pc=0x0000019ec17d66a3 sp=0x0000008e21dfe068 mode 2
Event: 84.487 Thread 0x0000019ed1d94e30 Uncommon trap: trap_request=0xffffff45 fr.pc=0x0000019ec1d5bd54 relative=0x0000000000000334
Event: 84.488 Thread 0x0000019ed1d94e30 Uncommon trap: reason=unstable_if action=reinterpret pc=0x0000019ec1d5bd54 method=java.lang.AbstractStringBuilder.isLatin1()Z @ 10 c2
Event: 84.488 Thread 0x0000019ed1d94e30 DEOPT PACKING pc=0x0000019ec1d5bd54 sp=0x0000008e21dfe160
Event: 84.488 Thread 0x0000019ed1d94e30 DEOPT UNPACKING pc=0x0000019ec17d66a3 sp=0x0000008e21dfe0e0 mode 2
Event: 84.503 Thread 0x0000019ed1d94e30 Uncommon trap: trap_request=0xffffffc6 fr.pc=0x0000019ec1dc3244 relative=0x00000000000009a4
Event: 84.503 Thread 0x0000019ed1d94e30 Uncommon trap: reason=bimorphic_or_optimized_type_check action=maybe_recompile pc=0x0000019ec1dc3244 method=java.util.HashMap.putVal(ILjava/lang/Object;Ljava/lang/Object;ZZ)Ljava/lang/Object; @ 56 c2
Event: 84.503 Thread 0x0000019ed1d94e30 DEOPT PACKING pc=0x0000019ec1dc3244 sp=0x0000008e21dfd840
Event: 84.503 Thread 0x0000019ed1d94e30 DEOPT UNPACKING pc=0x0000019ec17d66a3 sp=0x0000008e21dfd798 mode 2

Classes unloaded (7 events):
Event: 66.901 Thread 0x0000019ed05d4870 Unloading class 0x000000010024e000 'java/lang/invoke/LambdaForm$MH+0x000000010024e000'
Event: 66.901 Thread 0x0000019ed05d4870 Unloading class 0x000000010024dc00 'java/lang/invoke/LambdaForm$MH+0x000000010024dc00'
Event: 66.901 Thread 0x0000019ed05d4870 Unloading class 0x000000010024d800 'java/lang/invoke/LambdaForm$MH+0x000000010024d800'
Event: 66.901 Thread 0x0000019ed05d4870 Unloading class 0x000000010024d400 'java/lang/invoke/LambdaForm$MH+0x000000010024d400'
Event: 66.901 Thread 0x0000019ed05d4870 Unloading class 0x000000010024d000 'java/lang/invoke/LambdaForm$BMH+0x000000010024d000'
Event: 66.901 Thread 0x0000019ed05d4870 Unloading class 0x000000010024cc00 'java/lang/invoke/LambdaForm$DMH+0x000000010024cc00'
Event: 66.901 Thread 0x0000019ed05d4870 Unloading class 0x0000000100248400 'java/lang/invoke/LambdaForm$DMH+0x0000000100248400'

Classes redefined (0 events):
No events

Internal exceptions (20 events):
Event: 67.828 Thread 0x0000019ed1d94e30 Exception <a 'java/io/FileNotFoundException'{0x00000000eac655a0}> (0x00000000eac655a0) 
thrown [s\src\hotspot\share\prims\jni.cpp, line 516]
Event: 70.437 Thread 0x0000019ed1d94e30 Exception <a 'java/lang/NoSuchMethodError'{0x00000000eaee4318}: 'java.lang.Object java.lang.invoke.DirectMethodHandle$Holder.newInvokeSpecial(java.lang.Object, java.lang.Object, java.lang.Object, java.lang.Object, java.lang.Object)'> (0x00000000eaee4318) 
thrown [s\src\hotspot\share\interpreter\linkResolver.cpp, line 759]
Event: 70.926 Thread 0x0000019ed1d94e30 Exception <a 'java/lang/NoSuchMethodError'{0x00000000eb012b40}: 'java.lang.Object java.lang.invoke.DirectMethodHandle$Holder.invokeStaticInit(java.lang.Object, int)'> (0x00000000eb012b40) 
thrown [s\src\hotspot\share\interpreter\linkResolver.cpp, line 759]
Event: 75.565 Thread 0x0000019ed1d94e30 Exception <a 'java/lang/NoSuchMethodError'{0x00000000eb3df480}: 'java.lang.Object java.lang.invoke.DirectMethodHandle$Holder.invokeSpecial(java.lang.Object, java.lang.Object, java.lang.Object, long, java.lang.Object)'> (0x00000000eb3df480) 
thrown [s\src\hotspot\share\interpreter\linkResolver.cpp, line 759]
Event: 75.570 Thread 0x0000019ed1d94e30 Exception <a 'java/lang/NoSuchMethodError'{0x00000000eb3e7638}: 'java.lang.Object java.lang.invoke.DirectMethodHandle$Holder.newInvokeSpecial(java.lang.Object, java.lang.Object, java.lang.Object, long)'> (0x00000000eb3e7638) 
thrown [s\src\hotspot\share\interpreter\linkResolver.cpp, line 759]
Event: 75.572 Thread 0x0000019ed1d94e30 Exception <a 'java/lang/NoSuchMethodError'{0x00000000eb3ebe40}: 'java.lang.Object java.lang.invoke.DirectMethodHandle$Holder.invokeSpecial(java.lang.Object, java.lang.Object, java.lang.Object, java.lang.Object, long)'> (0x00000000eb3ebe40) 
thrown [s\src\hotspot\share\interpreter\linkResolver.cpp, line 759]
Event: 75.582 Thread 0x0000019ed1d94e30 Exception <a 'java/lang/NoSuchMethodError'{0x00000000eb3efcb8}: 'java.lang.Object java.lang.invoke.Invokers$Holder.linkToTargetMethod(java.lang.Object, java.lang.Object, long, java.lang.Object)'> (0x00000000eb3efcb8) 
thrown [s\src\hotspot\share\interpreter\linkResolver.cpp, line 759]
Event: 77.109 Thread 0x0000019ed1d94e30 Exception <a 'java/lang/NoSuchMethodError'{0x00000000eb4508b8}: 'int java.lang.invoke.DirectMethodHandle$Holder.invokeStaticInit(java.lang.Object, java.lang.Object, java.lang.Object)'> (0x00000000eb4508b8) 
thrown [s\src\hotspot\share\interpreter\linkResolver.cpp, line 759]
Event: 77.363 Thread 0x0000019ed1d94e30 Exception <a 'java/lang/IncompatibleClassChangeError'{0x00000000eb5cbb60}: Found class java.lang.Object, but interface was expected> (0x00000000eb5cbb60) 
thrown [s\src\hotspot\share\interpreter\linkResolver.cpp, line 826]
Event: 77.395 Thread 0x0000019ed1d94e30 Exception <a 'java/lang/NoSuchMethodError'{0x00000000eb5e7308}: 'java.lang.Object java.lang.invoke.DirectMethodHandle$Holder.invokeSpecial(java.lang.Object, java.lang.Object, java.lang.Object, int, java.lang.Object, java.lang.Object)'> (0x00000000eb5e7308) 
thrown [s\src\hotspot\share\interpreter\linkResolver.cpp, line 759]
Event: 77.400 Thread 0x0000019ed1d94e30 Exception <a 'java/lang/NoSuchMethodError'{0x00000000eb5efa90}: 'java.lang.Object java.lang.invoke.DirectMethodHandle$Holder.newInvokeSpecial(java.lang.Object, java.lang.Object, java.lang.Object, int, java.lang.Object)'> (0x00000000eb5efa90) 
thrown [s\src\hotspot\share\interpreter\linkResolver.cpp, line 759]
Event: 77.401 Thread 0x0000019ed1d94e30 Exception <a 'java/lang/NoSuchMethodError'{0x00000000eb5f3ee8}: 'java.lang.Object java.lang.invoke.DirectMethodHandle$Holder.invokeSpecial(java.lang.Object, java.lang.Object, java.lang.Object, java.lang.Object, int, java.lang.Object)'> (0x00000000eb5f3ee8) 
thrown [s\src\hotspot\share\interpreter\linkResolver.cpp, line 759]
Event: 77.410 Thread 0x0000019ed2156150 Exception <a 'java/lang/NoSuchMethodError'{0x00000000eb461ac0}: 'java.lang.Object java.lang.invoke.DirectMethodHandle$Holder.invokeSpecial(java.lang.Object, java.lang.Object, int, java.lang.Object, java.lang.Object)'> (0x00000000eb461ac0) 
thrown [s\src\hotspot\share\interpreter\linkResolver.cpp, line 759]
Event: 77.416 Thread 0x0000019ed2156150 Exception <a 'java/lang/NoSuchMethodError'{0x00000000eb469190}: 'java.lang.Object java.lang.invoke.DirectMethodHandle$Holder.newInvokeSpecial(java.lang.Object, java.lang.Object, int, java.lang.Object)'> (0x00000000eb469190) 
thrown [s\src\hotspot\share\interpreter\linkResolver.cpp, line 759]
Event: 77.417 Thread 0x0000019ed2156150 Exception <a 'java/lang/NoSuchMethodError'{0x00000000eb46cca0}: 'java.lang.Object java.lang.invoke.DirectMethodHandle$Holder.invokeSpecial(java.lang.Object, java.lang.Object, java.lang.Object, int, java.lang.Object)'> (0x00000000eb46cca0) 
thrown [s\src\hotspot\share\interpreter\linkResolver.cpp, line 759]
Event: 83.959 Thread 0x0000019ed1d94e30 Exception <a 'java/lang/ClassNotFoundException'{0x00000000ebfce4f8}: com/sun/org/apache/xerces/internal/impl/msg/spi/DOMMessagesProvider> (0x00000000ebfce4f8) 
thrown [s\src\hotspot\share\classfile\systemDictionary.cpp, line 256]
Event: 83.965 Thread 0x0000019ed1d94e30 Exception <a 'java/lang/ClassNotFoundException'{0x00000000ebfea560}: com/sun/org/apache/xerces/internal/impl/msg/spi/XMLSerializerMessagesProvider> (0x00000000ebfea560) 
thrown [s\src\hotspot\share\classfile\systemDictionary.cpp, line 256]
Event: 83.968 Thread 0x0000019ed1d94e30 Exception <a 'java/lang/ClassNotFoundException'{0x00000000ebff77e8}: com/sun/org/apache/xerces/internal/impl/msg/spi/XMLMessagesProvider> (0x00000000ebff77e8) 
thrown [s\src\hotspot\share\classfile\systemDictionary.cpp, line 256]
Event: 84.294 Thread 0x0000019ed1d94e30 Exception <a 'java/lang/NoSuchMethodError'{0x00000000ec13c190}: 'java.lang.Object java.lang.invoke.DirectMethodHandle$Holder.newInvokeSpecial(java.lang.Object, int, java.lang.Object, java.lang.Object)'> (0x00000000ec13c190) 
thrown [s\src\hotspot\share\interpreter\linkResolver.cpp, line 759]
Event: 85.024 Thread 0x0000019ed1d94e30 Exception <a 'java/lang/NoSuchMethodError'{0x00000000eabeb378}: 'java.lang.Object java.lang.invoke.DirectMethodHandle$Holder.invokeStaticInit(java.lang.Object, int, int, int, int)'> (0x00000000eabeb378) 
thrown [s\src\hotspot\share\interpreter\linkResolver.cpp, line 759]

VM Operations (20 events):
Event: 78.725 Executing VM operation: ParallelGCFailedAllocation
Event: 78.747 Executing VM operation: ParallelGCFailedAllocation done
Event: 80.748 Executing VM operation: Cleanup
Event: 80.748 Executing VM operation: Cleanup done
Event: 81.748 Executing VM operation: Cleanup
Event: 81.748 Executing VM operation: Cleanup done
Event: 82.470 Executing VM operation: ParallelGCFailedAllocation
Event: 82.486 Executing VM operation: ParallelGCFailedAllocation done
Event: 83.487 Executing VM operation: Cleanup
Event: 83.496 Executing VM operation: Cleanup done
Event: 83.819 Executing VM operation: HandshakeAllThreads
Event: 83.819 Executing VM operation: HandshakeAllThreads done
Event: 84.483 Executing VM operation: HandshakeAllThreads
Event: 84.483 Executing VM operation: HandshakeAllThreads done
Event: 84.501 Executing VM operation: HandshakeAllThreads
Event: 84.501 Executing VM operation: HandshakeAllThreads done
Event: 84.501 Executing VM operation: Cleanup
Event: 84.501 Executing VM operation: Cleanup done
Event: 84.529 Executing VM operation: ParallelGCFailedAllocation
Event: 84.537 Executing VM operation: ParallelGCFailedAllocation done

Events (20 events):
Event: 84.839 loading class sun/security/provider/DRBG
Event: 84.867 loading class java/security/SecureRandomSpi
Event: 84.867 loading class java/security/SecureRandomSpi done
Event: 84.867 loading class sun/security/provider/DRBG done
Event: 84.923 loading class java/security/DrbgParameters$Capability
Event: 84.925 loading class java/security/DrbgParameters$Capability done
Event: 84.925 loading class sun/security/provider/MoreDrbgParameters
Event: 84.927 loading class sun/security/provider/MoreDrbgParameters done
Event: 84.928 loading class java/security/DrbgParameters
Event: 84.928 loading class java/security/DrbgParameters done
Event: 84.928 loading class java/security/DrbgParameters$Instantiation
Event: 84.929 loading class java/security/DrbgParameters$Instantiation done
Event: 84.929 loading class sun/security/provider/HashDrbg
Event: 84.931 loading class sun/security/provider/AbstractHashDrbg
Event: 84.958 loading class sun/security/provider/AbstractDrbg
Event: 84.959 loading class sun/security/provider/AbstractDrbg done
Event: 84.959 loading class sun/security/provider/AbstractHashDrbg done
Event: 84.959 loading class sun/security/provider/HashDrbg done
Event: 84.959 loading class sun/security/provider/EntropySource
Event: 85.020 loading class sun/security/provider/EntropySource done


Dynamic libraries:
0x00007ff7942d0000 - 0x00007ff7942de000 	c:\Users\Sansk\.vscode\extensions\redhat.java-1.31.0-win32-x64\jre\17.0.11-win32-x86_64\bin\java.exe
0x00007ffa6acb0000 - 0x00007ffa6aec7000 	C:\WINDOWS\SYSTEM32\ntdll.dll
0x00007ffa69df0000 - 0x00007ffa69eb4000 	C:\WINDOWS\System32\KERNEL32.DLL
0x00007ffa67fb0000 - 0x00007ffa6835c000 	C:\WINDOWS\System32\KERNELBASE.dll
0x00007ffa68710000 - 0x00007ffa68821000 	C:\WINDOWS\System32\ucrtbase.dll
0x00007ffa53df0000 - 0x00007ffa53e07000 	c:\Users\Sansk\.vscode\extensions\redhat.java-1.31.0-win32-x64\jre\17.0.11-win32-x86_64\bin\jli.dll
0x00007ffa6a1d0000 - 0x00007ffa6a37e000 	C:\WINDOWS\System32\USER32.dll
0x00007ffa688f0000 - 0x00007ffa68916000 	C:\WINDOWS\System32\win32u.dll
0x00007ffa53570000 - 0x00007ffa53803000 	C:\WINDOWS\WinSxS\amd64_microsoft.windows.common-controls_6595b64144ccf1df_6.0.22621.3672_none_2713b9d173822955\COMCTL32.dll
0x00007ffa68ae0000 - 0x00007ffa68b09000 	C:\WINDOWS\System32\GDI32.dll
0x00007ffa69cc0000 - 0x00007ffa69d67000 	C:\WINDOWS\System32\msvcrt.dll
0x00007ffa68570000 - 0x00007ffa68689000 	C:\WINDOWS\System32\gdi32full.dll
0x00007ffa4cf40000 - 0x00007ffa4cf5b000 	c:\Users\Sansk\.vscode\extensions\redhat.java-1.31.0-win32-x64\jre\17.0.11-win32-x86_64\bin\VCRUNTIME140.dll
0x00007ffa68920000 - 0x00007ffa689ba000 	C:\WINDOWS\System32\msvcp_win.dll
0x00007ffa6ab50000 - 0x00007ffa6ab81000 	C:\WINDOWS\System32\IMM32.DLL
0x00007ffa54010000 - 0x00007ffa5401c000 	c:\Users\Sansk\.vscode\extensions\redhat.java-1.31.0-win32-x64\jre\17.0.11-win32-x86_64\bin\vcruntime140_1.dll
0x00007ffa4c070000 - 0x00007ffa4c0fd000 	c:\Users\Sansk\.vscode\extensions\redhat.java-1.31.0-win32-x64\jre\17.0.11-win32-x86_64\bin\msvcp140.dll
0x00007ffa1af80000 - 0x00007ffa1bbe2000 	c:\Users\Sansk\.vscode\extensions\redhat.java-1.31.0-win32-x64\jre\17.0.11-win32-x86_64\bin\server\jvm.dll
0x00007ffa69ec0000 - 0x00007ffa69f72000 	C:\WINDOWS\System32\ADVAPI32.dll
0x00007ffa6a410000 - 0x00007ffa6a4b8000 	C:\WINDOWS\System32\sechost.dll
0x00007ffa683d0000 - 0x00007ffa683f8000 	C:\WINDOWS\System32\bcrypt.dll
0x00007ffa689c0000 - 0x00007ffa68ad5000 	C:\WINDOWS\System32\RPCRT4.dll
0x00007ffa5d050000 - 0x00007ffa5d05a000 	C:\WINDOWS\SYSTEM32\VERSION.dll
0x00007ffa49930000 - 0x00007ffa49939000 	C:\WINDOWS\SYSTEM32\WSOCK32.dll
0x00007ffa67cc0000 - 0x00007ffa67d0d000 	C:\WINDOWS\SYSTEM32\POWRPROF.dll
0x00007ffa69d70000 - 0x00007ffa69de1000 	C:\WINDOWS\System32\WS2_32.dll
0x00007ffa5f460000 - 0x00007ffa5f494000 	C:\WINDOWS\SYSTEM32\WINMM.dll
0x00007ffa67ca0000 - 0x00007ffa67cb3000 	C:\WINDOWS\SYSTEM32\UMPDC.dll
0x00007ffa66fc0000 - 0x00007ffa66fd8000 	C:\WINDOWS\SYSTEM32\kernel.appcore.dll
0x00007ffa53be0000 - 0x00007ffa53bea000 	c:\Users\Sansk\.vscode\extensions\redhat.java-1.31.0-win32-x64\jre\17.0.11-win32-x86_64\bin\jimage.dll
0x00007ffa65980000 - 0x00007ffa65bb2000 	C:\WINDOWS\SYSTEM32\DBGHELP.DLL
0x00007ffa68e40000 - 0x00007ffa691c8000 	C:\WINDOWS\System32\combase.dll
0x00007ffa6a080000 - 0x00007ffa6a157000 	C:\WINDOWS\System32\OLEAUT32.dll
0x00007ffa4f560000 - 0x00007ffa4f592000 	C:\WINDOWS\SYSTEM32\dbgcore.DLL
0x00007ffa68690000 - 0x00007ffa6870b000 	C:\WINDOWS\System32\bcryptPrimitives.dll
0x00007ffa50aa0000 - 0x00007ffa50aae000 	c:\Users\Sansk\.vscode\extensions\redhat.java-1.31.0-win32-x64\jre\17.0.11-win32-x86_64\bin\instrument.dll
0x00007ffa4c040000 - 0x00007ffa4c065000 	c:\Users\Sansk\.vscode\extensions\redhat.java-1.31.0-win32-x64\jre\17.0.11-win32-x86_64\bin\java.dll
0x00007ffa4c530000 - 0x00007ffa4c548000 	c:\Users\Sansk\.vscode\extensions\redhat.java-1.31.0-win32-x64\jre\17.0.11-win32-x86_64\bin\zip.dll
0x00007ffa69350000 - 0x00007ffa69bac000 	C:\WINDOWS\System32\SHELL32.dll
0x00007ffa65eb0000 - 0x00007ffa667a7000 	C:\WINDOWS\SYSTEM32\windows.storage.dll
0x00007ffa65d70000 - 0x00007ffa65eaf000 	C:\WINDOWS\SYSTEM32\wintypes.dll
0x00007ffa69f80000 - 0x00007ffa6a074000 	C:\WINDOWS\System32\SHCORE.dll
0x00007ffa68ce0000 - 0x00007ffa68d3e000 	C:\WINDOWS\System32\shlwapi.dll
0x00007ffa67ee0000 - 0x00007ffa67f01000 	C:\WINDOWS\SYSTEM32\profapi.dll
0x00007ffa4c020000 - 0x00007ffa4c039000 	C:\Users\Sansk\.vscode\extensions\redhat.java-1.31.0-win32-x64\jre\17.0.11-win32-x86_64\bin\net.dll
0x00007ffa614c0000 - 0x00007ffa615f6000 	C:\WINDOWS\SYSTEM32\WINHTTP.dll
0x00007ffa67450000 - 0x00007ffa674b9000 	C:\WINDOWS\system32\mswsock.dll
0x00007ffa4c000000 - 0x00007ffa4c016000 	C:\Users\Sansk\.vscode\extensions\redhat.java-1.31.0-win32-x64\jre\17.0.11-win32-x86_64\bin\nio.dll
0x00007ffa4f000000 - 0x00007ffa4f010000 	c:\Users\Sansk\.vscode\extensions\redhat.java-1.31.0-win32-x64\jre\17.0.11-win32-x86_64\bin\verify.dll
0x00007ffa40550000 - 0x00007ffa40594000 	C:\Users\Sansk\AppData\Roaming\Code\User\globalStorage\redhat.java\1.31.0\config_ss_win\org.eclipse.equinox.launcher\org.eclipse.equinox.launcher.win32.win32.x86_64_1.2.1000.v20240507-1834\eclipse_11902.dll
0x00007ffa6a940000 - 0x00007ffa6aae5000 	C:\WINDOWS\System32\ole32.dll
0x00007ffa676c0000 - 0x00007ffa676db000 	C:\WINDOWS\SYSTEM32\CRYPTSP.dll
0x00007ffa66f20000 - 0x00007ffa66f55000 	C:\WINDOWS\system32\rsaenh.dll
0x00007ffa67550000 - 0x00007ffa67578000 	C:\WINDOWS\SYSTEM32\USERENV.dll

dbghelp: loaded successfully - version: 4.0.5 - missing functions: none
symbol engine: initialized successfully - sym options: 0x614 - pdb path: .;c:\Users\Sansk\.vscode\extensions\redhat.java-1.31.0-win32-x64\jre\17.0.11-win32-x86_64\bin;C:\WINDOWS\SYSTEM32;C:\WINDOWS\WinSxS\amd64_microsoft.windows.common-controls_6595b64144ccf1df_6.0.22621.3672_none_2713b9d173822955;c:\Users\Sansk\.vscode\extensions\redhat.java-1.31.0-win32-x64\jre\17.0.11-win32-x86_64\bin\server;C:\Users\Sansk\AppData\Roaming\Code\User\globalStorage\redhat.java\1.31.0\config_ss_win\org.eclipse.equinox.launcher\org.eclipse.equinox.launcher.win32.win32.x86_64_1.2.1000.v20240507-1834

VM Arguments:
jvm_args: --add-modules=ALL-SYSTEM --add-opens=java.base/java.util=ALL-UNNAMED --add-opens=java.base/java.lang=ALL-UNNAMED --add-opens=java.base/sun.nio.fs=ALL-UNNAMED -Declipse.application=org.eclipse.jdt.ls.core.id1 -Dosgi.bundles.defaultStartLevel=4 -Declipse.product=org.eclipse.jdt.ls.core.product -Djava.import.generatesMetadataFilesAtProjectRoot=false -DDetectVMInstallationsJob.disabled=true -Dfile.encoding=utf8 -XX:+UseParallelGC -XX:GCTimeRatio=4 -XX:AdaptiveSizePolicyWeight=90 -Dsun.zip.disableMemoryMapping=true -Xmx1G -Xms100m -Xlog:disable -javaagent:c:\Users\Sansk\.vscode\extensions\redhat.java-1.31.0-win32-x64\lombok\lombok-1.18.32.jar 
java_command: c:\Users\Sansk\.vscode\extensions\redhat.java-1.31.0-win32-x64\server\plugins\org.eclipse.equinox.launcher_1.6.800.v20240513-1750.jar -configuration c:\Users\Sansk\AppData\Roaming\Code\User\globalStorage\redhat.java\1.31.0\config_ss_win -data c:\Users\Sansk\AppData\Roaming\Code\User\workspaceStorage\625e857b674dde89922af67afff714d8\redhat.java\ss_ws --pipe=\\.\pipe\lsp-edf0ac3929c2eec234f67086dbdbc813-sock
java_class_path (initial): c:\Users\Sansk\.vscode\extensions\redhat.java-1.31.0-win32-x64\server\plugins\org.eclipse.equinox.launcher_1.6.800.v20240513-1750.jar
Launcher Type: SUN_STANDARD

[Global flags]
    uintx AdaptiveSizePolicyWeight                 = 90                                        {product} {command line}
     intx CICompilerCount                          = 4                                         {product} {ergonomic}
    uintx GCTimeRatio                              = 4                                         {product} {command line}
   size_t InitialHeapSize                          = 104857600                                 {product} {command line}
   size_t MaxHeapSize                              = 1073741824                                {product} {command line}
   size_t MaxNewSize                               = 357564416                                 {product} {ergonomic}
   size_t MinHeapDeltaBytes                        = 524288                                    {product} {ergonomic}
   size_t MinHeapSize                              = 104857600                                 {product} {command line}
   size_t NewSize                                  = 34603008                                  {product} {ergonomic}
    uintx NonNMethodCodeHeapSize                   = 5839372                                {pd product} {ergonomic}
    uintx NonProfiledCodeHeapSize                  = 122909434                              {pd product} {ergonomic}
   size_t OldSize                                  = 70254592                                  {product} {ergonomic}
    uintx ProfiledCodeHeapSize                     = 122909434                              {pd product} {ergonomic}
    uintx ReservedCodeCacheSize                    = 251658240                              {pd product} {ergonomic}
     bool SegmentedCodeCache                       = true                                      {product} {ergonomic}
   size_t SoftMaxHeapSize                          = 1073741824                             {manageable} {ergonomic}
     bool UseCompressedClassPointers               = true                           {product lp64_product} {ergonomic}
     bool UseCompressedOops                        = true                           {product lp64_product} {ergonomic}
     bool UseLargePagesIndividualAllocation        = false                                  {pd product} {ergonomic}
     bool UseParallelGC                            = true                                      {product} {command line}

Logging:
Log output configuration:
 #0: stdout all=off uptime,level,tags
 #1: stderr all=off uptime,level,tags

Environment Variables:
PATH=C:\Program Files\Common Files\Oracle\Java\javapath;C:\Python312;C:\Python312\Lib\site-packages\cmake;C:\Program Files\CMake\bin;C:\Users\Sansk\AppData\Local\Packages\PythonSoftwareFoundation.Python.3.12_qbz5n2kfra8p0\LocalCache\local-packages\Python312\Scripts;C:\Users\sansk\AppData\Local\Packages\PythonSoftwareFoundation.Python.3.12_qbz5n2kfra8p0\LocalCache\local-packages\Python312\Scripts;C:\Program Files\nodejs;C:\Program Files\CMake;c:\users\sansk\appdata\local\packages\pythonsoftwarefoundation.python.3.12_qbz5n2kfra8p0\localcache\local-packages\python312\site-packages;C:\Python312\Lib\site-packages\numpy;C:\Users\Sansk\AppData\Roaming\Python\Python312\site-packages;C:\Users\Sansk\AppData\Local\Packages\PythonSoftwareFoundation.Python.3.12_qbz5n2kfra8p0\LocalCache\local-packages\Python312\site-packages;C:\users\sansk\appdata\local\packages\pythonsoftwarefoundation.python.3.12_qbz5n2kfra8p0\localcache\local-packages\python312\site-packages\dlib;C:\Users\Sansk\AppData\Local\Packages\PythonSoftwareFoundation.Python.3.12_qbz5n2kfra8p0\LocalCache\local-packages\python312\site-packages;C:\Program Files\Java\jdk-22\bin;C:\Program Files\Git\cmd;C:\Program Files\Java\jdk-21\bin;C:\Users\Sansk\AppData\Local\Programs\Python\Python38\Scripts\;C:\Users\Sansk\AppData\Local\Programs\Python\Python38\;C:\Program Files\MySQL\MySQL Shell 8.0\bin\;C:\Users\Sansk\AppData\Local\Microsoft\WindowsApps;C:\Users\Sansk\AppData\Local\GitHubDesktop\bin;C:\Users\Sansk\AppData\Local\Programs\Microsoft VS Code\bin;C:\Users\Sansk\AppData\Roaming\npm;C:\Program Files\JetBrains\IntelliJ IDEA 2023.3.4\bin;;C:\Program Files\JetBrains\PyCharm Community Edition 2024.1\bin;;C:\Users\Sansk\AppData\Local\Packages\PythonSoftwareFoundation.Python.3.12_qbz5n2kfra8p0\LocalCache\local-packages\Python312\site-packages;C:\Program Files\Java\jdk-22\bin;
USERNAME=Sansk
OS=Windows_NT
PROCESSOR_IDENTIFIER=AMD64 Family 23 Model 104 Stepping 1, AuthenticAMD
TMP=C:\Users\Sansk\AppData\Local\Temp
TEMP=C:\Users\Sansk\AppData\Local\Temp



Periodic native trim disabled


---------------  S Y S T E M  ---------------

OS:
 Windows 11 , 64 bit Build 22621 (10.0.22621.3672)
OS uptime: 1 days 1:25 hours
Hyper-V role detected

CPU: total 12 (initial active 12) (12 cores per cpu, 2 threads per core) family 23 model 104 stepping 1 microcode 0x0, cx8, cmov, fxsr, ht, mmx, 3dnowpref, sse, sse2, sse3, ssse3, sse4a, sse4.1, sse4.2, popcnt, lzcnt, tsc, tscinvbit, avx, avx2, aes, clmul, bmi1, bmi2, adx, sha, fma, vzeroupper, clflush, clflushopt, hv
Processor Information for all 12 processors :
  Max Mhz: 2100, Current Mhz: 2100, Mhz Limit: 2100

Memory: 4k page, system-wide physical 6005M (14M free)
TotalPageFile size 24437M (AvailPageFile size 7M)
current process WorkingSet (physical memory assigned to process): 103M, peak: 112M
current process commit charge ("private bytes"): 261M, peak: 267M

vm_info: OpenJDK 64-Bit Server VM (17.0.11+9) for windows-amd64 JRE (17.0.11+9), built on Apr 17 2024 06:07:48 by "admin" with MS VC++ 16.10 / 16.11 (VS2019)

END.
